2017-02-11 11:27:12 [127.0.0.1][-][-][error][yii\base\UnknownClassException] exception 'yii\base\UnknownClassException' with message 'Unable to find 'frontend\controllers\IndexController' in file: E:\phpStudy\WWW\ninthmonths\advanced/frontend/controllers/IndexController.php. Namespace missing?' in E:\phpStudy\WWW\ninthmonths\advanced\vendor\yiisoft\yii2\BaseYii.php:291
Stack trace:
#0 [internal function]: yii\BaseYii::autoload('frontend\\contro...')
#1 [internal function]: spl_autoload_call('frontend\\contro...')
#2 E:\phpStudy\WWW\ninthmonths\advanced\vendor\yiisoft\yii2\base\Module.php(563): class_exists('frontend\\contro...')
#3 E:\phpStudy\WWW\ninthmonths\advanced\vendor\yiisoft\yii2\base\Module.php(521): yii\base\Module->createControllerByID('index')
#4 E:\phpStudy\WWW\ninthmonths\advanced\vendor\yiisoft\yii2\base\Module.php(449): yii\base\Module->createController('index/index')
#5 E:\phpStudy\WWW\ninthmonths\advanced\vendor\yiisoft\yii2\web\Application.php(84): yii\base\Module->runAction('index/index', Array)
#6 E:\phpStudy\WWW\ninthmonths\advanced\vendor\yiisoft\yii2\base\Application.php(375): yii\web\Application->handleRequest(Object(yii\web\Request))
#7 E:\phpStudy\WWW\ninthmonths\advanced\frontend\web\index.php(18): yii\base\Application->run()
#8 {main}
2017-02-11 11:27:12 [127.0.0.1][-][-][info][application] $_GET = [
    'r' => 'index/index'
]

$_COOKIE = [
    'bdshare_firstime' => '1486121716796'
    'Hm_lvt_4233e74dff0ae5bd0a3d81c6ccf756e6' => '1486692674'
    'PHPSESSID' => '9c6omke3s3cskl35d0qdv7ba72'
    '_csrf' => '3f73ac042e76d22352f46ae032626bb23d798882b9cd4fab8e1e61243c75a5a5a:2:{i:0;s:5:\"_csrf\";i:1;s:32:\"iKOKjxP3GrpjcMJfCK00zMte8fX0tfSG\";}'
]

$_SERVER = [
    'PATH' => 'E:\\web\\php\\;C:\\Windows\\system32;C:\\Windows;C:\\Windows\\System32\\Wbem;C:\\Windows\\System32\\WindowsPowerShell\\v1.0\\;E:\\web\\bin;E:\\web\\mysql\\bin;E:\\小乌龟\\bin;E:\\phpStudy\\php55n\\'
    'SYSTEMROOT' => 'C:\\Windows'
    'COMSPEC' => 'C:\\Windows\\system32\\cmd.exe'
    'PATHEXT' => '.COM;.EXE;.BAT;.CMD;.VBS;.VBE;.JS;.JSE;.WSF;.WSH;.MSC'
    'WINDIR' => 'C:\\Windows'
    'PHP_FCGI_MAX_REQUESTS' => '1000'
    'PHPRC' => 'E:/phpStudy/php55n'
    '_FCGI_SHUTDOWN_EVENT_' => '1984'
    'SCRIPT_NAME' => '/ninthmonths/advanced/frontend/web/index.php'
    'REQUEST_URI' => '/ninthmonths/advanced/frontend/web/index.php?r=index/index'
    'QUERY_STRING' => 'r=index/index'
    'REQUEST_METHOD' => 'GET'
    'SERVER_PROTOCOL' => 'HTTP/1.1'
    'GATEWAY_INTERFACE' => 'CGI/1.1'
    'REMOTE_PORT' => '14039'
    'SCRIPT_FILENAME' => 'E:/phpStudy/WWW/ninthmonths/advanced/frontend/web/index.php'
    'SERVER_ADMIN' => 'admin@phpStudy.net'
    'CONTEXT_DOCUMENT_ROOT' => 'E:/phpStudy/WWW'
    'CONTEXT_PREFIX' => ''
    'REQUEST_SCHEME' => 'http'
    'DOCUMENT_ROOT' => 'E:/phpStudy/WWW'
    'REMOTE_ADDR' => '127.0.0.1'
    'SERVER_PORT' => '80'
    'SERVER_ADDR' => '127.0.0.1'
    'SERVER_NAME' => 'www.phpstudy.com'
    'SERVER_SOFTWARE' => 'Apache/2.4.18 (Win32) OpenSSL/1.0.2e mod_fcgid/2.3.9'
    'SERVER_SIGNATURE' => ''
    'SystemRoot' => 'C:\\Windows'
    'HTTP_UPGRADE_INSECURE_REQUESTS' => '1'
    'HTTP_CONNECTION' => 'close'
    'HTTP_COOKIE' => 'bdshare_firstime=1486121716796; Hm_lvt_4233e74dff0ae5bd0a3d81c6ccf756e6=1486692674; PHPSESSID=9c6omke3s3cskl35d0qdv7ba72; _csrf=3f73ac042e76d22352f46ae032626bb23d798882b9cd4fab8e1e61243c75a5a5a%3A2%3A%7Bi%3A0%3Bs%3A5%3A%22_csrf%22%3Bi%3A1%3Bs%3A32%3A%22iKOKjxP3GrpjcMJfCK00zMte8fX0tfSG%22%3B%7D'
    'HTTP_ACCEPT_ENCODING' => 'gzip, deflate'
    'HTTP_ACCEPT_LANGUAGE' => 'zh-CN,zh;q=0.8,en-US;q=0.5,en;q=0.3'
    'HTTP_ACCEPT' => 'text/html,application/xhtml+xml,application/xml;q=0.9,*/*;q=0.8'
    'HTTP_USER_AGENT' => 'Mozilla/5.0 (Windows NT 10.0; WOW64; rv:50.0) Gecko/20100101 Firefox/50.0'
    'HTTP_HOST' => 'www.phpstudy.com'
    'FCGI_ROLE' => 'RESPONDER'
    'PHP_SELF' => '/ninthmonths/advanced/frontend/web/index.php'
    'REQUEST_TIME_FLOAT' => 1486783632.1781
    'REQUEST_TIME' => 1486783632
]
